<?xml version="1.0" encoding="UTF-8"?>
<!-- Generated by org.testng.reporters.JUnitReportReporter -->
<testsuite skipped="0" hostname="HP-PC" name="FlipK" tests="4" failures="0" timestamp="31 May 2020 07:11:04 GMT" time="2.504" errors="0">
  <testcase name="cart" time="0.142" classname="FlipK"/>
  <testcase name="Flipkart" time="0.152" classname="FlipK"/>
  <testcase name="VerifyBrowserTitle" time="0.072" classname="FlipK"/>
  <testcase name="SearchProduct" time="2.138" classname="FlipK"/>
</testsuite> <!-- FlipK -->
